#
# A fatal error has been detected by the Java Runtime Environment:
#
#  Internal Error (synchronizer.cpp:1322), pid=1229, tid=0x00007fa32b74a700
#  guarantee(object->mark() == markOopDesc::INFLATING()) failed: invariant
#
# JRE version: OpenJDK Runtime Environment (8.0_252-b09) (build 1.8.0_252-8u252-b09-1~18.04-b09)
# Java VM: OpenJDK 64-Bit Server VM (25.252-b09 mixed mode linux-amd64 compressed oops)
# Failed to write core dump. Core dumps have been disabled. To enable core dumping, try "ulimit -c unlimited" before starting Java again
#
# If you would like to submit a bug report, please visit:
#   http://bugreport.java.com/bugreport/crash.jsp
#

---------------  T H R E A D  ---------------

Current thread (0x00007fa33c4dd800):  JavaThread "Abandoned connection cleanup thread" daemon [_thread_in_vm, id=5247, stack(0x00007fa32b64a000,0x00007fa32b74b000)]

Stack: [0x00007fa32b64a000,0x00007fa32b74b000],  sp=0x00007fa32b7491e0,  free space=1020k
Native frames: (J=compiled Java code, j=interpreted, Vv=VM code, C=native code)
V  [libjvm.so+0xabcb22]
V  [libjvm.so+0x4de1cd]
V  [libjvm.so+0xa22281]
V  [libjvm.so+0xa236a6]
V  [libjvm.so+0x9b013b]
v  ~RuntimeStub::_complete_monitor_locking_Java
J 7063 C2 org.apache.catalina.webresources.StandardRoot.getResourceInternal(Ljava/lang/String;Z)Lorg/apache/catalina/WebResource; (172 bytes) @ 0x00007fa3520f1d54 [0x00007fa3520ea820+0x7534]
J 32140 C2 org.apache.catalina.webresources.CachedResource.validateResource(Z)Z (264 bytes) @ 0x00007fa3543f1348 [0x00007fa3543f1280+0xc8]
J 8112 C2 org.apache.catalina.webresources.StandardRoot.getResource(Ljava/lang/String;ZZ)Lorg/apache/catalina/WebResource; (34 bytes) @ 0x00007fa35230ff5c [0x00007fa35230fb40+0x41c]
J 23608 C2 org.apache.catalina.loader.WebappClassLoaderBase.findResource(Ljava/lang/String;)Ljava/net/URL; (175 bytes) @ 0x00007fa354b825ac [0x00007fa354b823a0+0x20c]
J 56972 C2 org.apache.catalina.loader.WebappClassLoaderBase.getResource(Ljava/lang/String;)Ljava/net/URL; (324 bytes) @ 0x00007fa351f4c06c [0x00007fa351f4bfc0+0xac]
J 75674 C2 com.mysql.cj.jdbc.AbandonedConnectionCleanupThread.checkContextClassLoaders()V (20 bytes) @ 0x00007fa35130183c [0x00007fa3513017c0+0x7c]
j  com.mysql.cj.jdbc.AbandonedConnectionCleanupThread.run()V+1
J 25025 C1 java.util.concurrent.ThreadPoolExecutor.runWorker(Ljava/util/concurrent/ThreadPoolExecutor$Worker;)V (225 bytes) @ 0x00007fa352d59cf9 [0x00007fa352d58d00+0xff9]
J 18143 C1 java.util.concurrent.ThreadPoolExecutor$Worker.run()V (9 bytes) @ 0x00007fa351977f7f [0x00007fa351977e80+0xff]
J 18130 C1 java.lang.Thread.run()V (17 bytes) @ 0x00007fa351978cbd [0x00007fa351978b80+0x13d]
v  ~StubRoutines::call_stub
V  [libjvm.so+0x68550a]
V  [libjvm.so+0x682aeb]
V  [libjvm.so+0x6830d7]
V  [libjvm.so+0x6ca04b]
V  [libjvm.so+0xa5a12f]
V  [libjvm.so+0xa5b338]
V  [libjvm.so+0x8f3e62]
C  [libpthread.so.0+0x76db]  start_thread+0xdb

Java frames: (J=compiled Java code, j=interpreted, Vv=VM code)
v  ~RuntimeStub::_complete_monitor_locking_Java
J 7063 C2 org.apache.catalina.webresources.StandardRoot.getResourceInternal(Ljava/lang/String;Z)Lorg/apache/catalina/WebResource; (172 bytes) @ 0x00007fa3520f1d54 [0x00007fa3520ea820+0x7534]
J 32140 C2 org.apache.catalina.webresources.CachedResource.validateResource(Z)Z (264 bytes) @ 0x00007fa3543f1348 [0x00007fa3543f1280+0xc8]
J 8112 C2 org.apache.catalina.webresources.StandardRoot.getResource(Ljava/lang/String;ZZ)Lorg/apache/catalina/WebResource; (34 bytes) @ 0x00007fa35230ff5c [0x00007fa35230fb40+0x41c]
J 23608 C2 org.apache.catalina.loader.WebappClassLoaderBase.findResource(Ljava/lang/String;)Ljava/net/URL; (175 bytes) @ 0x00007fa354b825ac [0x00007fa354b823a0+0x20c]
J 56972 C2 org.apache.catalina.loader.WebappClassLoaderBase.getResource(Ljava/lang/String;)Ljava/net/URL; (324 bytes) @ 0x00007fa351f4c06c [0x00007fa351f4bfc0+0xac]
J 75674 C2 com.mysql.cj.jdbc.AbandonedConnectionCleanupThread.checkContextClassLoaders()V (20 bytes) @ 0x00007fa35130183c [0x00007fa3513017c0+0x7c]
j  com.mysql.cj.jdbc.AbandonedConnectionCleanupThread.run()V+1
J 25025 C1 java.util.concurrent.ThreadPoolExecutor.runWorker(Ljava/util/concurrent/ThreadPoolExecutor$Worker;)V (225 bytes) @ 0x00007fa352d59cf9 [0x00007fa352d58d00+0xff9]
J 18143 C1 java.util.concurrent.ThreadPoolExecutor$Worker.run()V (9 bytes) @ 0x00007fa351977f7f [0x00007fa351977e80+0xff]
J 18130 C1 java.lang.Thread.run()V (17 bytes) @ 0x00007fa351978cbd [0x00007fa351978b80+0x13d]
v  ~StubRoutines::call_stub

---------------  P R O C E S S  ---------------

Java Threads: ( => current thread )
  0x00007fa340f98000 JavaThread "http-nio-8080-exec-140" daemon [_thread_blocked, id=5284, stack(0x00007fa32a13c000,0x00007fa32a23d000)]
  0x00007fa348b90800 JavaThread "http-nio-8080-exec-139" daemon [_thread_blocked, id=5283, stack(0x00007fa32a83e000,0x00007fa32a93f000)]
  0x000055fbd1a0f800 JavaThread "http-nio-8080-exec-138" daemon [_thread_blocked, id=5259, stack(0x00007fa32b145000,0x00007fa32b246000)]
  0x00007fa33c754800 JavaThread "http-nio-8080-exec-137" daemon [_thread_blocked, id=5256, stack(0x00007fa32b347000,0x00007fa32b448000)]
  0x00007fa3446a1000 JavaThread "http-nio-8080-exec-136" daemon [_thread_blocked, id=5255, stack(0x00007fa329f3a000,0x00007fa32a03b000)]
  0x00007fa33c50a000 JavaThread "HikariPool-20 housekeeper" daemon [_thread_blocked, id=5248, stack(0x00007fa32a03b000,0x00007fa32a13c000)]
=>0x00007fa33c4dd800 JavaThread "Abandoned connection cleanup thread" daemon [_thread_in_vm, id=5247, stack(0x00007fa32b64a000,0x00007fa32b74b000)]
  0x00007fa362263800 JavaThread "http-nio-8080-exec-135" daemon [_thread_blocked, id=5242, stack(0x00007fa32f03c000,0x00007fa32f13d000)]
  0x00007fa338669000 JavaThread "http-nio-8080-exec-134" daemon [_thread_blocked, id=5237, stack(0x00007fa32af43000,0x00007fa32b044000)]
  0x00007fa34c2e2800 JavaThread "http-nio-8080-exec-133" daemon [_thread_blocked, id=5232, stack(0x00007fa32b549000,0x00007fa32b64a000)]
  0x00007fa33426c800 JavaThread "http-nio-8080-exec-132" daemon [_thread_blocked, id=5231, stack(0x00007fa32b448000,0x00007fa32b549000)]
  0x00007fa34c972000 JavaThread "http-nio-8080-exec-131" daemon [_thread_blocked, id=5228, stack(0x00007fa32b044000,0x00007fa32b145000)]
  0x00007fa34170a800 JavaThread "Catalina-utility-2" [_thread_blocked, id=1301, stack(0x00007fa32ab3f000,0x00007fa32ac40000)]
  0x00007fa36149f000 JavaThread "http-nio-8080-Acceptor" daemon [_thread_in_native, id=1300, stack(0x00007fa32ac40000,0x00007fa32ad41000)]
  0x00007fa36144e000 JavaThread "http-nio-8080-ClientPoller" daemon [_thread_in_native, id=1299, stack(0x00007fa32ad41000,0x00007fa32ae42000)]
  0x00007fa361b30000 JavaThread "Catalina-utility-1" [_thread_blocked, id=1288, stack(0x00007fa32c94b000,0x00007fa32ca4c000)]
  0x00007fa361969800 JavaThread "Abandoned connection cleanup thread" daemon [_thread_blocked, id=1256, stack(0x00007fa33183e000,0x00007fa33193f000)]
  0x00007fa3610ca000 JavaThread "HikariPool-1 housekeeper" daemon [_thread_blocked, id=1249, stack(0x00007fa33193f000,0x00007fa331a40000)]
  0x00007fa360f84000 JavaThread "Abandoned connection cleanup thread" daemon [_thread_blocked, id=1248, stack(0x00007fa332f0d000,0x00007fa33300e000)]
  0x00007fa36051e800 JavaThread "http-nio-8080-BlockPoller" daemon [_thread_in_native, id=1244, stack(0x00007fa3338c9000,0x00007fa3339ca000)]
  0x00007fa360466000 JavaThread "GC Daemon" daemon [_thread_blocked, id=1241, stack(0x00007fa350011000,0x00007fa350112000)]
  0x00007fa3601c1800 JavaThread "FileHandlerLogFilesCleaner-1" daemon [_thread_blocked, id=1240, stack(0x00007fa35039c000,0x00007fa35049d000)]
  0x00007fa360172000 JavaThread "AsyncFileHandlerWriter-1523554304" daemon [_thread_blocked, id=1239, stack(0x00007fa35049d000,0x00007fa35059e000)]
  0x00007fa3600b4000 JavaThread "Service Thread" daemon [_thread_blocked, id=1237, stack(0x00007fa350afb000,0x00007fa350bfc000)]
  0x00007fa3600b1000 JavaThread "C1 CompilerThread1" daemon [_thread_blocked, id=1236, stack(0x00007fa350bfd000,0x00007fa350cfd000)]
  0x00007fa3600af000 JavaThread "C2 CompilerThread0" daemon [_thread_blocked, id=1235, stack(0x00007fa350cfe000,0x00007fa350dfe000)]
  0x00007fa3600ad800 JavaThread "Signal Dispatcher" daemon [_thread_blocked, id=1234, stack(0x00007fa350dfe000,0x00007fa350eff000)]
  0x00007fa36007e800 JavaThread "Finalizer" daemon [_thread_blocked, id=1233, stack(0x00007fa350eff000,0x00007fa351000000)]
  0x00007fa36007a000 JavaThread "Reference Handler" daemon [_thread_blocked, id=1232, stack(0x00007fa364053000,0x00007fa364154000)]
  0x00007fa36000c000 JavaThread "main" [_thread_in_native, id=1230, stack(0x00007fa3687ea000,0x00007fa3688ea000)]

Other Threads:
  0x00007fa360070000 VMThread [stack: 0x00007fa364155000,0x00007fa364255000] [id=1231]
  0x00007fa3600b7000 WatcherThread [stack: 0x00007fa3509fb000,0x00007fa350afb000] [id=1238]

VM state:not at safepoint (normal execution)

VM Mutex/Monitor currently owned by a thread: None

heap address: 0x00000000f0000000, size: 256 MB, Compressed Oops mode: 32-bit
Narrow klass base: 0x0000000000000000, Narrow klass shift: 3
Compressed class space size: 1073741824 Address: 0x0000000100000000

Heap:
 def new generation   total 78656K, used 64599K [0x00000000f0000000, 0x00000000f5550000, 0x00000000f5550000)
  eden space 69952K,  79% used [0x00000000f0000000, 0x00000000f3695ef0, 0x00000000f4450000)
  from space 8704K,  99% used [0x00000000f4450000, 0x00000000f4ccfff8, 0x00000000f4cd0000)
  to   space 8704K,   0% used [0x00000000f4cd0000, 0x00000000f4cd0000, 0x00000000f5550000)
 tenured generation   total 174784K, used 159292K [0x00000000f5550000, 0x0000000100000000, 0x0000000100000000)
   the space 174784K,  91% used [0x00000000f5550000, 0x00000000ff0df358, 0x00000000ff0df400, 0x0000000100000000)
 Metaspace       used 165870K, capacity 173882K, committed 279040K, reserved 1284096K
  class space    used 21553K, capacity 22803K, committed 43520K, reserved 1048576K

Card table byte_map: [0x00007fa368760000,0x00007fa3687e1000] byte_map_base: 0x00007fa367fe0000

Polling page: 0x00007fa3688f3000

CodeCache: size=245760Kb used=63655Kb max_used=87421Kb free=182104Kb
 bounds [0x00007fa351000000, 0x00007fa356620000, 0x00007fa360000000]
 total_blobs=19742 nmethods=19084 adapters=571
 compilation: enabled

Compilation events (10 events):
Event: 320055.659 Thread 0x00007fa3600af000 77667       4       sun.security.util.math.intpoly.IntegerPolynomial::getElement (10 bytes)
Event: 320055.663 Thread 0x00007fa3600af000 nmethod 77667 0x00007fa352784d50 code [0x00007fa352784ee0, 0x00007fa352785348]
Event: 321442.464 Thread 0x00007fa3600af000 77668   !   4       org.apache.catalina.core.ContainerBase::threadStart (144 bytes)
Event: 321442.466 Thread 0x00007fa3600af000 nmethod 77668 0x00007fa3543f9b50 code [0x00007fa3543f9ca0, 0x00007fa3543f9d98]
Event: 321716.006 Thread 0x00007fa3600af000 77669       4       com.mysql.cj.protocol.a.NativeProtocol::readAllResults (115 bytes)
Event: 321716.010 Thread 0x00007fa3600af000 nmethod 77669 0x00007fa3539af690 code [0x00007fa3539af820, 0x00007fa3539afaf8]
Event: 322582.466 Thread 0x00007fa3600af000 77670       4       org.apache.catalina.core.StandardServer$1::run (8 bytes)
Event: 322582.468 Thread 0x00007fa3600af000 nmethod 77670 0x00007fa3521c7590 code [0x00007fa3521c76e0, 0x00007fa3521c77b8]
Event: 323457.104 Thread 0x00007fa3600af000 77671       4       com.mysql.cj.protocol.a.NativeProtocol::sendCommand (8 bytes)
Event: 323457.106 Thread 0x00007fa3600af000 nmethod 77671 0x00007fa353152dd0 code [0x00007fa353152f20, 0x00007fa353152fa8]

GC Heap History (10 events):
Event: 307658.084 GC heap before
{Heap before GC invocations=813 (full 41):
 def new generation   total 78656K, used 69952K [0x00000000f0000000, 0x00000000f5550000, 0x00000000f5550000)
  eden space 69952K, 100% used [0x00000000f0000000, 0x00000000f4450000, 0x00000000f4450000)
  from space 8704K,   0% used [0x00000000f4450000, 0x00000000f4450000, 0x00000000f4cd0000)
  to   space 8704K,   0% used [0x00000000f4cd0000, 0x00000000f4cd0000, 0x00000000f5550000)
 tenured generation   total 174784K, used 147061K [0x00000000f5550000, 0x0000000100000000, 0x0000000100000000)
   the space 174784K,  84% used [0x00000000f5550000, 0x00000000fe4ed558, 0x00000000fe4ed600, 0x0000000100000000)
 Metaspace       used 165875K, capacity 173894K, committed 279040K, reserved 1284096K
  class space    used 21554K, capacity 22805K, committed 43520K, reserved 1048576K
Event: 307658.106 GC heap after
Heap after GC invocations=814 (full 41):
 def new generation   total 78656K, used 8704K [0x00000000f0000000, 0x00000000f5550000, 0x00000000f5550000)
  eden space 69952K,   0% used [0x00000000f0000000, 0x00000000f0000000, 0x00000000f4450000)
  from space 8704K, 100% used [0x00000000f4cd0000, 0x00000000f5550000, 0x00000000f5550000)
  to   space 8704K,   0% used [0x00000000f4450000, 0x00000000f4450000, 0x00000000f4cd0000)
 tenured generation   total 174784K, used 152214K [0x00000000f5550000, 0x0000000100000000, 0x0000000100000000)
   the space 174784K,  87% used [0x00000000f5550000, 0x00000000fe9f5ab8, 0x00000000fe9f5c00, 0x0000000100000000)
 Metaspace       used 165875K, capacity 173894K, committed 279040K, reserved 1284096K
  class space    used 21554K, capacity 22805K, committed 43520K, reserved 1048576K
}
Event: 311176.048 GC heap before
{Heap before GC invocations=814 (full 41):
 def new generation   total 78656K, used 78656K [0x00000000f0000000, 0x00000000f5550000, 0x00000000f5550000)
  eden space 69952K, 100% used [0x00000000f0000000, 0x00000000f4450000, 0x00000000f4450000)
  from space 8704K, 100% used [0x00000000f4cd0000, 0x00000000f5550000, 0x00000000f5550000)
  to   space 8704K,   0% used [0x00000000f4450000, 0x00000000f4450000, 0x00000000f4cd0000)
 tenured generation   total 174784K, used 152214K [0x00000000f5550000, 0x0000000100000000, 0x0000000100000000)
   the space 174784K,  87% used [0x00000000f5550000, 0x00000000fe9f5ab8, 0x00000000fe9f5c00, 0x0000000100000000)
 Metaspace       used 165875K, capacity 173894K, committed 279040K, reserved 1284096K
  class space    used 21554K, capacity 22805K, committed 43520K, reserved 1048576K
Event: 311176.072 GC heap after
Heap after GC invocations=815 (full 41):
 def new generation   total 78656K, used 8704K [0x00000000f0000000, 0x00000000f5550000, 0x00000000f5550000)
  eden space 69952K,   0% used [0x00000000f0000000, 0x00000000f0000000, 0x00000000f4450000)
  from space 8704K, 100% used [0x00000000f4450000, 0x00000000f4cd0000, 0x00000000f4cd0000)
  to   space 8704K,   0% used [0x00000000f4cd0000, 0x00000000f4cd0000, 0x00000000f5550000)
 tenured generation   total 174784K, used 165398K [0x00000000f5550000, 0x0000000100000000, 0x0000000100000000)
   the space 174784K,  94% used [0x00000000f5550000, 0x00000000ff6d5be8, 0x00000000ff6d5c00, 0x0000000100000000)
 Metaspace       used 165875K, capacity 173894K, committed 279040K, reserved 1284096K
  class space    used 21554K, capacity 22805K, committed 43520K, reserved 1048576K
}
Event: 314735.148 GC heap before
{Heap before GC invocations=815 (full 41):
 def new generation   total 78656K, used 78656K [0x00000000f0000000, 0x00000000f5550000, 0x00000000f5550000)
  eden space 69952K, 100% used [0x00000000f0000000, 0x00000000f4450000, 0x00000000f4450000)
  from space 8704K, 100% used [0x00000000f4450000, 0x00000000f4cd0000, 0x00000000f4cd0000)
  to   space 8704K,   0% used [0x00000000f4cd0000, 0x00000000f4cd0000, 0x00000000f5550000)
 tenured generation   total 174784K, used 165398K [0x00000000f5550000, 0x0000000100000000, 0x0000000100000000)
   the space 174784K,  94% used [0x00000000f5550000, 0x00000000ff6d5be8, 0x00000000ff6d5c00, 0x0000000100000000)
 Metaspace       used 165877K, capacity 173894K, committed 279040K, reserved 1284096K
  class space    used 21554K, capacity 22805K, committed 43520K, reserved 1048576K
Event: 314735.534 GC heap after
Heap after GC invocations=816 (full 42):
 def new generation   total 78656K, used 0K [0x00000000f0000000, 0x00000000f5550000, 0x00000000f5550000)
  eden space 69952K,   0% used [0x00000000f0000000, 0x00000000f0000000, 0x00000000f4450000)
  from space 8704K,   0% used [0x00000000f4450000, 0x00000000f4450000, 0x00000000f4cd0000)
  to   space 8704K,   0% used [0x00000000f4cd0000, 0x00000000f4cd0000, 0x00000000f5550000)
 tenured generation   total 174784K, used 140963K [0x00000000f5550000, 0x0000000100000000, 0x0000000100000000)
   the space 174784K,  80% used [0x00000000f5550000, 0x00000000fdef8e68, 0x00000000fdef9000, 0x0000000100000000)
 Metaspace       used 165870K, capacity 173882K, committed 279040K, reserved 1284096K
  class space    used 21553K, capacity 22803K, committed 43520K, reserved 1048576K
}
Event: 318275.860 GC heap before
{Heap before GC invocations=816 (full 42):
 def new generation   total 78656K, used 69952K [0x00000000f0000000, 0x00000000f5550000, 0x00000000f5550000)
  eden space 69952K, 100% used [0x00000000f0000000, 0x00000000f4450000, 0x00000000f4450000)
  from space 8704K,   0% used [0x00000000f4450000, 0x00000000f4450000, 0x00000000f4cd0000)
  to   space 8704K,   0% used [0x00000000f4cd0000, 0x00000000f4cd0000, 0x00000000f5550000)
 tenured generation   total 174784K, used 140963K [0x00000000f5550000, 0x0000000100000000, 0x0000000100000000)
   the space 174784K,  80% used [0x00000000f5550000, 0x00000000fdef8e68, 0x00000000fdef9000, 0x0000000100000000)
 Metaspace       used 165870K, capacity 173882K, committed 279040K, reserved 1284096K
  class space    used 21553K, capacity 22803K, committed 43520K, reserved 1048576K
Event: 318275.880 GC heap after
Heap after GC invocations=817 (full 42):
 def new generation   total 78656K, used 8703K [0x00000000f0000000, 0x00000000f5550000, 0x00000000f5550000)
  eden space 69952K,   0% used [0x00000000f0000000, 0x00000000f0000000, 0x00000000f4450000)
  from space 8704K,  99% used [0x00000000f4cd0000, 0x00000000f554fff8, 0x00000000f5550000)
  to   space 8704K,   0% used [0x00000000f4450000, 0x00000000f4450000, 0x00000000f4cd0000)
 tenured generation   total 174784K, used 145909K [0x00000000f5550000, 0x0000000100000000, 0x0000000100000000)
   the space 174784K,  83% used [0x00000000f5550000, 0x00000000fe3cd740, 0x00000000fe3cd800, 0x0000000100000000)
 Metaspace       used 165870K, capacity 173882K, committed 279040K, reserved 1284096K
  class space    used 21553K, capacity 22803K, committed 43520K, reserved 1048576K
}
Event: 321822.347 GC heap before
{Heap before GC invocations=817 (full 42):
 def new generation   total 78656K, used 78655K [0x00000000f0000000, 0x00000000f5550000, 0x00000000f5550000)
  eden space 69952K, 100% used [0x00000000f0000000, 0x00000000f4450000, 0x00000000f4450000)
  from space 8704K,  99% used [0x00000000f4cd0000, 0x00000000f554fff8, 0x00000000f5550000)
  to   space 8704K,   0% used [0x00000000f4450000, 0x00000000f4450000, 0x00000000f4cd0000)
 tenured generation   total 174784K, used 145909K [0x00000000f5550000, 0x0000000100000000, 0x0000000100000000)
   the space 174784K,  83% used [0x00000000f5550000, 0x00000000fe3cd740, 0x00000000fe3cd800, 0x0000000100000000)
 Metaspace       used 165870K, capacity 173882K, committed 279040K, reserved 1284096K
  class space    used 21553K, capacity 22803K, committed 43520K, reserved 1048576K
Event: 321822.373 GC heap after
Heap after GC invocations=818 (full 42):
 def new generation   total 78656K, used 8703K [0x00000000f0000000, 0x00000000f5550000, 0x00000000f5550000)
  eden space 69952K,   0% used [0x00000000f0000000, 0x00000000f0000000, 0x00000000f4450000)
  from space 8704K,  99% used [0x00000000f4450000, 0x00000000f4ccfff8, 0x00000000f4cd0000)
  to   space 8704K,   0% used [0x00000000f4cd0000, 0x00000000f4cd0000, 0x00000000f5550000)
 tenured generation   total 174784K, used 159292K [0x00000000f5550000, 0x0000000100000000, 0x0000000100000000)
   the space 174784K,  91% used [0x00000000f5550000, 0x00000000ff0df358, 0x00000000ff0df400, 0x0000000100000000)
 Metaspace       used 165870K, capacity 173882K, committed 279040K, reserved 1284096K
  class space    used 21553K, capacity 22803K, committed 43520K, reserved 1048576K
}

Deoptimization events (10 events):
Event: 212577.919 Thread 0x00007fa34c972000 Uncommon trap: reason=class_check action=maybe_recompile pc=0x00007fa352941054 method=org.hibernate.engine.internal.Cascade.cascade(Lorg/hibernate/engine/spi/CascadingAction;Lorg/hibernate/engine/internal/CascadePoint;Lorg/hibernate/event/spi/EventSource;
Event: 214055.491 Thread 0x00007fa3446a1000 Uncommon trap: reason=unstable_if action=reinterpret pc=0x00007fa354613264 method=io.jsonwebtoken.impl.DefaultJwtParser.parse(Ljava/lang/String;)Lio/jsonwebtoken/Jwt; @ 927
Event: 214055.514 Thread 0x00007fa348b90800 Uncommon trap: reason=unstable_if action=reinterpret pc=0x00007fa3534f15b0 method=io.jsonwebtoken.impl.DefaultJwtParser.parse(Ljava/lang/String;)Lio/jsonwebtoken/Jwt; @ 927
Event: 231985.662 Thread 0x00007fa340f98000 Uncommon trap: reason=class_check action=maybe_recompile pc=0x00007fa353342a64 method=java.util.regex.Matcher.getSubSequence(II)Ljava/lang/CharSequence; @ 6
Event: 237902.846 Thread 0x00007fa338669000 Uncommon trap: reason=class_check action=maybe_recompile pc=0x00007fa353342a64 method=java.util.regex.Matcher.getSubSequence(II)Ljava/lang/CharSequence; @ 6
Event: 237902.846 Thread 0x00007fa338669000 Uncommon trap: reason=unstable_if action=reinterpret pc=0x00007fa3519d77f8 method=org.apache.catalina.valves.AbstractAccessLogValve.log(Lorg/apache/catalina/connector/Request;Lorg/apache/catalina/connector/Response;J)V @ 183
Event: 240046.949 Thread 0x00007fa34c891000 Uncommon trap: reason=null_check action=make_not_entrant pc=0x00007fa3559f8050 method=com.mysql.cj.jdbc.JdbcPropertySetImpl.postInitialization()V @ 50
Event: 240159.152 Thread 0x00007fa34c891000 Uncommon trap: reason=null_check action=make_not_entrant pc=0x00007fa354951e34 method=com.mysql.cj.jdbc.JdbcPropertySetImpl.postInitialization()V @ 50
Event: 251750.254 Thread 0x00007fa34c972000 Uncommon trap: reason=class_check action=maybe_recompile pc=0x00007fa355b738e4 method=org.hibernate.loader.plan.exec.process.internal.AbstractRowReader.readRow(Ljava/sql/ResultSet;Lorg/hibernate/loader/plan/exec/process/internal/ResultSetProcessingContext
Event: 258577.095 Thread 0x00007fa338669000 Uncommon trap: reason=unstable_if action=reinterpret pc=0x00007fa35367f560 method=org.apache.coyote.http11.Http11InputBuffer.parseHeader()Lorg/apache/coyote/http11/Http11InputBuffer$HeaderParseStatus; @ 24

Classes redefined (0 events):
No events

Internal exceptions (10 events):
Event: 212577.917 Thread 0x00007fa34c972000 Implicit null exception at 0x00007fa354c2b9af to 0x00007fa354c2bb85
Event: 212577.917 Thread 0x00007fa34c972000 Implicit null exception at 0x00007fa351e47fef to 0x00007fa351e48135
Event: 212577.917 Thread 0x00007fa34c972000 Implicit null exception at 0x00007fa351220c8f to 0x00007fa351220e45
Event: 215800.609 Thread 0x00007fa33c754800 Exception <a 'java/io/IOException'> (0x00000000f09442c0) thrown at [/build/openjdk-8-piDAoU/openjdk-8-8u252-b09/src/hotspot/src/share/vm/prims/jni.cpp, line 710]
Event: 240046.949 Thread 0x00007fa34c891000 Implicit null exception at 0x00007fa3559f6c84 to 0x00007fa3559f8045
Event: 240159.152 Thread 0x00007fa34c891000 Implicit null exception at 0x00007fa3549509c4 to 0x00007fa354951e25
Event: 247393.122 Thread 0x00007fa34c2e2800 Exception <a 'java/io/IOException'> (0x00000000f2377e00) thrown at [/build/openjdk-8-piDAoU/openjdk-8-8u252-b09/src/hotspot/src/share/vm/prims/jni.cpp, line 710]
Event: 302597.800 Thread 0x00007fa362263800 Exception <a 'java/io/IOException'> (0x00000000f1f4c7d8) thrown at [/build/openjdk-8-piDAoU/openjdk-8-8u252-b09/src/hotspot/src/share/vm/prims/jni.cpp, line 710]
Event: 302597.832 Thread 0x00007fa340f98000 Exception <a 'java/io/IOException'> (0x00000000f1f505f0) thrown at [/build/openjdk-8-piDAoU/openjdk-8-8u252-b09/src/hotspot/src/share/vm/prims/jni.cpp, line 710]
Event: 317416.036 Thread 0x00007fa3446a1000 Exception <a 'java/io/IOException'> (0x00000000f3142900) thrown at [/build/openjdk-8-piDAoU/openjdk-8-8u252-b09/src/hotspot/src/share/vm/prims/jni.cpp, line 710]

Events (10 events):
Event: 323827.576 Executing VM operation: RevokeBias
Event: 323827.577 Executing VM operation: RevokeBias done
Event: 323827.577 Executing VM operation: RevokeBias
Event: 323827.577 Executing VM operation: RevokeBias done
Event: 323832.577 Executing VM operation: RevokeBias
Event: 323832.577 Executing VM operation: RevokeBias done
Event: 323832.577 Thread 0x00007fa34c86c800 Thread exited: 0x00007fa34c86c800
Event: 323832.590 Executing VM operation: RevokeBias
Event: 323832.590 Executing VM operation: RevokeBias done
Event: 323832.590 Thread 0x00007fa34c891000 Thread exited: 0x00007fa34c891000


Dynamic libraries:
f0000000-f5550000 rw-p 00000000 00:00 0 
f5550000-100000000 rw-p 00000000 00:00 0 
100000000-102a80000 rw-p 00000000 00:00 0 
102a80000-140000000 ---p 00000000 00:00 0 
55fbcfba8000-55fbcfba9000 r-xp 00000000 b6:e36f1 400200                  /usr/lib/jvm/java-openjdk-amd64/jre/bin/java
55fbcfda8000-55fbcfda9000 r--p 00000000 b6:e36f1 400200                  /usr/lib/jvm/java-openjdk-amd64/jre/bin/java
55fbcfda9000-55fbcfdaa000 rw-p 00001000 b6:e36f1 400200                  /usr/lib/jvm/java-openjdk-amd64/jre/bin/java
55fbd15e6000-55fbd2024000 rw-p 00000000 00:00 0                          [heap]
7fa32140e000-7fa32160e000 rw-p 00000000 00:00 0 
7fa321c0e000-7fa321e0e000 rw-p 00000000 00:00 0 
7fa321e0e000-7fa32200e000 rw-p 00000000 00:00 0 
7fa32260e000-7fa32280e000 rw-p 00000000 00:00 0 
7fa32280e000-7fa322c0e000 rw-p 00000000 00:00 0 
7fa322c0e000-7fa322e0e000 rw-p 00000000 00:00 0 
7fa322e0e000-7fa32300e000 rw-p 00000000 00:00 0 
7fa32300e000-7fa32320e000 rw-p 00000000 00:00 0 
7fa32320e000-7fa32360e000 rw-p 00000000 00:00 0 
7fa32360e000-7fa32380e000 rw-p 00000000 00:00 0 
7fa32380e000-7fa323a0e000 rw-p 00000000 00:00 0 
7fa323e0e000-7fa32400e000 rw-p 00000000 00:00 0 
7fa32400e000-7fa32420e000 rw-p 00000000 00:00 0 
7fa32420e000-7fa32440e000 rw-p 00000000 00:00 0 
7fa32500e000-7fa32520e000 rw-p 00000000 00:00 0 
7fa32520e000-7fa32540e000 rw-p 00000000 00:00 0 
7fa32580e000-7fa325a0e000 rw-p 00000000 00:00 0 
7fa32600e000-7fa32620e000 rw-p 00000000 00:00 0 
7fa32640e000-7fa32660e000 rw-p 00000000 00:00 0 
7fa32660e000-7fa32680e000 rw-p 00000000 00:00 0 
7fa32680e000-7fa326c0e000 rw-p 00000000 00:00 0 
7fa326c0e000-7fa326e0e000 rw-p 00000000 00:00 0 
7fa326e0e000-7fa32700e000 rw-p 00000000 00:00 0 
7fa32700e000-7fa32740e000 rw-p 00000000 00:00 0 
7fa32740e000-7fa32760e000 rw-p 00000000 00:00 0 
7fa32760e000-7fa327a0e000 rw-p 00000000 00:00 0 
7fa327a0e000-7fa327e0e000 rw-p 00000000 00:00 0 
7fa327e0e000-7fa32800e000 rw-p 00000000 00:00 0 
7fa32800e000-7fa32820e000 rw-p 00000000 00:00 0 
7fa32820e000-7fa32860e000 rw-p 00000000 00:00 0 
7fa32860e000-7fa32880e000 rw-p 00000000 00:00 0 
7fa32880e000-7fa328a0e000 rw-p 00000000 00:00 0 
7fa328a0e000-7fa328e0e000 rw-p 00000000 00:00 0 
7fa328e0e000-7fa32920e000 rw-p 00000000 00:00 0 
7fa32920e000-7fa32960e000 rw-p 00000000 00:00 0 
7fa32960e000-7fa32980e000 rw-p 00000000 00:00 0 
7fa32980e000-7fa329825000 r-xp 00000000 b6:e36f1 236                     /lib/x86_64-linux-gnu/libresolv-2.27.so
7fa329825000-7fa329a25000 ---p 00017000 b6:e36f1 236                     /lib/x86_64-linux-gnu/libresolv-2.27.so
7fa329a25000-7fa329a26000 r--p 00017000 b6:e36f1 236                     /lib/x86_64-linux-gnu/libresolv-2.27.so
7fa329a26000-7fa329a27000 rw-p 00018000 b6:e36f1 236                     /lib/x86_64-linux-gnu/libresolv-2.27.so
7fa329a27000-7fa329a29000 rw-p 00000000 00:00 0 
7fa329a29000-7fa329a2e000 r-xp 00000000 b6:e36f1 183                     /lib/x86_64-linux-gnu/libnss_dns-2.27.so
7fa329a2e000-7fa329c2e000 ---p 00005000 b6:e36f1 183                     /lib/x86_64-linux-gnu/libnss_dns-2.27.so
7fa329c2e000-7fa329c2f000 r--p 00005000 b6:e36f1 183                     /lib/x86_64-linux-gnu/libnss_dns-2.27.so
7fa329c2f000-7fa329c30000 rw-p 00006000 b6:e36f1 183                     /lib/x86_64-linux-gnu/libnss_dns-2.27.so
7fa329d3a000-7fa329f3a000 rw-p 00000000 00:00 0 
7fa329f3a000-7fa329f3d000 ---p 00000000 00:00 0 
7fa329f3d000-7fa32a03b000 rw-p 00000000 00:00 0 
7fa32a03b000-7fa32a03e000 ---p 00000000 00:00 0 
7fa32a03e000-7fa32a13c000 rw-p 00000000 00:00 0 
7fa32a13c000-7fa32a13f000 ---p 00000000 00:00 0 
7fa32a13f000-7fa32a43d000 rw-p 00000000 00:00 0 
7fa32a43d000-7fa32a63d000 rw-p 00000000 00:00 0 
7fa32a63d000-7fa32a83d000 rw-p 00000000 00:00 0 
7fa32a83e000-7fa32a841000 ---p 00000000 00:00 0 
7fa32a841000-7fa32ab3f000 rw-p 00000000 00:00 0 
7fa32ab3f000-7fa32ab42000 ---p 00000000 00:00 0 
7fa32ab42000-7fa32ac40000 rw-p 00000000 00:00 0 
7fa32ac40000-7fa32ac43000 ---p 00000000 00:00 0 
7fa32ac43000-7fa32ad41000 rw-p 00000000 00:00 0 
7fa32ad41000-7fa32ad44000 ---p 00000000 00:00 0 
7fa32ad44000-7fa32ae42000 rw-p 00000000 00:00 0 
7fa32ae42000-7fa32ae45000 ---p 00000000 00:00 0 
7fa32ae45000-7fa32af43000 rw-p 00000000 00:00 0 
7fa32af43000-7fa32af46000 ---p 00000000 00:00 0 
7fa32af46000-7fa32b044000 rw-p 00000000 00:00 0 
7fa32b044000-7fa32b047000 ---p 00000000 00:00 0 
7fa32b047000-7fa32b145000 rw-p 00000000 00:00 0 
7fa32b145000-7fa32b148000 ---p 00000000 00:00 0 
7fa32b148000-7fa32b246000 rw-p 00000000 00:00 0 
7fa32b246000-7fa32b249000 ---p 00000000 00:00 0 
7fa32b249000-7fa32b347000 rw-p 00000000 00:00 0 
7fa32b347000-7fa32b34a000 ---p 00000000 00:00 0 
7fa32b34a000-7fa32b448000 rw-p 00000000 00:00 0 
7fa32b448000-7fa32b44b000 ---p 00000000 00:00 0 
7fa32b44b000-7fa32b549000 rw-p 00000000 00:00 0 
7fa32b549000-7fa32b54c000 ---p 00000000 00:00 0 
7fa32b54c000-7fa32b64a000 rw-p 00000000 00:00 0 
7fa32b64a000-7fa32b64d000 ---p 00000000 00:00 0 
7fa32b64d000-7fa32b94b000 rw-p 00000000 00:00 0 
7fa32b94b000-7fa32bb4b000 rw-p 00000000 00:00 0 
7fa32bb4b000-7fa32bf4b000 rw-p 00000000 00:00 0 
7fa32bf4b000-7fa32c14b000 rw-p 00000000 00:00 0 
7fa32c14b000-7fa32c54b000 rw-p 00000000 00:00 0 
7fa32c54b000-7fa32c94b000 rw-p 00000000 00:00 0 
7fa32c94b000-7fa32c94e000 ---p 00000000 00:00 0 
7fa32c94e000-7fa32ce4c000 rw-p 00000000 00:00 0 
7fa32ce4c000-7fa32d04c000 rw-p 00000000 00:00 0 
7fa32d04c000-7fa32d24c000 rw-p 00000000 00:00 0 
7fa32d24c000-7fa32d44c000 rw-p 00000000 00:00 0 
7fa32d44c000-7fa32d64c000 rw-p 00000000 00:00 0 
7fa32d64c000-7fa32d84c000 rw-p 00000000 00:00 0 
7fa32da4c000-7fa32dc4c000 rw-p 00000000 00:00 0 
7fa32dd3b000-7fa32dd3e000 ---p 00000000 00:00 0 
7fa32dd3e000-7fa32e03c000 rw-p 00000000 00:00 0 
7fa32e03c000-7fa32e23c000 rw-p 00000000 00:00 0 
7fa32e23c000-7fa32e43c000 rw-p 00000000 00:00 0 
7fa32e43c000-7fa32e63c000 rw-p 00000000 00:00 0 
7fa32e63c000-7fa32e83c000 rw-p 00000000 00:00 0 
7fa32e83c000-7fa32ea3c000 rw-p 00000000 00:00 0 
7fa32ea3c000-7fa32ec3c000 rw-p 00000000 00:00 0 
7fa32ec3c000-7fa32ee3c000 rw-p 00000000 00:00 0 
7fa32ee3c000-7fa32f03c000 rw-p 00000000 00:00 0 
7fa32f03c000-7fa32f03f000 ---p 00000000 00:00 0 
7fa32f03f000-7fa32f33d000 rw-p 00000000 00:00 0 
7fa32f33d000-7fa32f53d000 rw-p 00000000 00:00 0 
7fa32f53d000-7fa32f73d000 rw-p 00000000 00:00 0 
7fa32f73d000-7fa32f93d000 rw-p 00000000 00:00 0 
7fa32f93d000-7fa32fb3d000 rw-p 00000000 00:00 0 
7fa32fb3d000-7fa32fb40000 ---p 00000000 00:00 0 
7fa32fb40000-7fa32fe3e000 rw-p 00000000 00:00 0 
7fa32fe3e000-7fa33003e000 rw-p 00000000 00:00 0 
7fa33003e000-7fa33023e000 rw-p 00000000 00:00 0 
7fa33023e000-7fa33043e000 rw-p 00000000 00:00 0 
7fa33043e000-7fa33063e000 rw-p 00000000 00:00 0 
7fa33063e000-7fa33083e000 rw-p 00000000 00:00 0 
7fa33083e000-7fa330a3e000 rw-p 00000000 00:00 0 
7fa330a3e000-7fa330c3e000 rw-p 00000000 00:00 0 
7fa330c3e000-7fa330e3e000 rw-p 00000000 00:00 0 
7fa330e3e000-7fa33103e000 rw-p 00000000 00:00 0 
7fa33103e000-7fa33123e000 rw-p 00000000 00:00 0 
7fa33123e000-7fa33143e000 rw-p 00000000 00:00 0 
7fa33143e000-7fa33163e000 rw-p 00000000 00:00 0 
7fa33163e000-7fa33183e000 rw-p 00000000 00:00 0 
7fa33183e000-7fa331841000 ---p 00000000 00:00 0 
7fa331841000-7fa33193f000 rw-p 00000000 00:00 0 
7fa33193f000-7fa331942000 ---p 00000000 00:00 0 
7fa331942000-7fa331c40000 rw-p 00000000 00:00 0 
7fa331c40000-7fa331e40000 rw-p 00000000 00:00 0 
7fa331e40000-7fa332040000 rw-p 00000000 00:00 0 
7fa332040000-7fa332240000 rw-p 00000000 00:00 0 
7fa33230d000-7fa33250d000 rw-p 00000000 00:00 0 
7fa33250d000-7fa33270d000 rw-p 00000000 00:00 0 
7fa33270d000-7fa33290d000 rw-p 00000000 00:00 0 
7fa33290d000-7fa332b0d000 rw-p 00000000 00:00 0 
7fa332b0d000-7fa332d0d000 rw-p 00000000 00:00 0 
7fa332d0d000-7fa332f0d000 rw-p 00000000 00:00 0 
7fa332f0d000-7fa332f10000 ---p 00000000 00:00 0 
7fa332f10000-7fa33320e000 rw-p 00000000 00:00 0 
7fa33320e000-7fa333212000 r--s 00020000 b6:e36f1 790528                  /opt/tomcat/webapps/ker/WEB-INF/lib/HikariCP-3.2.0.jar
7fa333212000-7fa333214000 r--s 00009000 b6:e36f1 790495                  /opt/tomcat/webapps/ker/WEB-INF/lib/slf4j-api-1.7.25.jar
7fa333214000-7fa333218000 r--s 0001c000 b6:e36f1 790539                  /opt/tomcat/webapps/ker/WEB-INF/lib/jaxb-api-2.3.1.jar
7fa333218000-7fa333234000 r--s 00135000 b6:e36f1 790503                  /opt/tomcat/webapps/ker/WEB-INF/lib/spring-web-5.1.3.RELEASE.jar
7fa333234000-7fa33323c000 r--s 00037000 b6:e36f1 790515                  /opt/tomcat/webapps/ker/WEB-INF/lib/spring-tx-5.1.3.RELEASE.jar
7fa33323c000-7fa333240000 r--s 0004c000 b6:e36f1 790530                  /opt/tomcat/webapps/ker/WEB-INF/lib/jackson-core-2.9.7.jar
7fa333240000-7fa333242000 r--s 0000c000 b6:e36f1 790536                  /opt/tomcat/webapps/ker/WEB-INF/lib/javax.activation-api-1.2.0.jar
7fa333242000-7fa333255000 r--s 00137000 b6:e36f1 790459                  /opt/tomcat/webapps/ker/WEB-INF/lib/jackson-databind-2.9.7.jar
7fa333255000-7fa33325b000 r--s 0003b000 b6:e36f1 790541                  /opt/tomcat/webapps/ker/WEB-INF/lib/log4j-api-2.11.1.jar
7fa33325b000-7fa333269000 r--s 00075000 b6:e36f1 790478                  /opt/tomcat/webapps/ker/WEB-INF/lib/spring-security-web-5.1.2.RELEASE.jar
7fa333269000-7fa333276000 r--s 000b2000 b6:e36f1 790544                  /opt/tomcat/webapps/ker/WEB-INF/lib/spring-security-config-5.1.2.RELEASE.jar
7fa333276000-7fa333290000 r--s 000f3000 b6:e36f1 790473                  /opt/tomcat/webapps/ker/WEB-INF/lib/spring-context-5.1.3.RELEASE.jar
7fa333290000-7fa333291000 r--s 00000000 b6:e36f1 790470                  /opt/tomcat/webapps/ker/WEB-INF/lib/spring-boot-starter-logging-2.1.1.RELEASE.jar
7fa333291000-7fa333292000 r--s 00000000 b6:e36f1 790469                  /opt/tomcat/webapps/ker/WEB-INF/lib/spring-boot-starter-json-2.1.1.RELEASE.jar
7fa333292000-7fa333315000 r--s 00624000 b6:e36f1 790514                  /opt/tomcat/webapps/ker/WEB-INF/lib/hibernate-core-5.3.7.Final.jar
7fa333315000-7fa333317000 r--s 0000a000 b6:e36f1 790497                  /opt/tomcat/webapps/ker/WEB-INF/lib/spring-aspects-5.1.3.RELEASE.jar
7fa333317000-7fa33331a000 r--s 00016000 b6:e36f1 790532                  /opt/tomcat/webapps/ker/WEB-INF/lib/jackson-datatype-jsr310-2.9.7.jar
7fa33331a000-7fa33331c000 r--s 00003000 b6:e36f1 790493                  /opt/tomcat/webapps/ker/WEB-INF/lib/log4j-to-slf4j-2.11.1.jar
7fa33331c000-7fa333334000 r--s 00104000 b6:e36f1 790500                  /opt/tomcat/webapps/ker/WEB-INF/lib/spring-data-commons-2.1.3.RELEASE.jar
7fa333334000-7fa333351000 r--s 000fe000 b6:e36f1 790527                  /opt/tomcat/webapps/ker/WEB-INF/lib/hibernate-validator-6.0.13.Final.jar
7fa333351000-7fa333356000 r--s 0004b000 b6:e36f1 790526                  /opt/tomcat/webapps/ker/WEB-INF/lib/dom4j-2.1.1.jar
7fa333356000-7fa333361000 r--s 00069000 b6:e36f1 790462                  /opt/tomcat/webapps/ker/WEB-INF/lib/logback-core-1.2.3.jar
7fa333361000-7fa333366000 r--s 00040000 b6:e36f1 790475                  /opt/tomcat/webapps/ker/WEB-INF/lib/spring-expression-5.1.3.RELEASE.jar
7fa333366000-7fa333367000 r--s 00000000 b6:e36f1 790468                  /opt/tomcat/webapps/ker/WEB-INF/lib/spring-boot-starter-jdbc-2.1.1.RELEASE.jar
7fa333367000-7fa33336c000 r--s 00012000 b6:e36f1 790479                  /opt/tomcat/webapps/ker/WEB-INF/lib/validation-api-2.0.1.Final.jar
7fa33336c000-7fa333370000 r--s 0002d000 b6:e36f1 790501                  /opt/tomcat/webapps/ker/WEB-INF/lib/spring-orm-5.1.3.RELEASE.jar
7fa333370000-7fa333373000 r--s 00019000 b6:e36f1 790461                  /opt/tomcat/webapps/ker/WEB-INF/lib/jjwt-0.9.1.jar
7fa333373000-7fa333382000 r--s 000b5000 b6:e36f1 790516                  /opt/tomcat/webapps/ker/WEB-INF/lib/spring-webmvc-5.1.3.RELEASE.jar
7fa333382000-7fa333383000 r--s 00000000 b6:e36f1 790471                  /opt/tomcat/webapps/ker/WEB-INF/lib/spring-boot-starter-security-2.1.1.RELEASE.jar
7fa333383000-7fa333385000 r--s 00001000 b6:e36f1 790533                  /opt/tomcat/webapps/ker/WEB-INF/lib/jackson-module-parameter-names-2.9.7.jar
7fa333385000-7fa33339c000 r--s 001f2000 b6:e36f1 790542                  /opt/tomcat/webapps/ker/WEB-INF/lib/mysql-connector-java-8.0.13.jar
7fa33339c000-7fa33339d000 r--s 00006000 b6:e36f1 790538                  /opt/tomcat/webapps/ker/WEB-INF/lib/javax.transaction-api-1.3.jar
7fa33339d000-7fa33339e000 r--s 00000000 b6:e36f1 790472                  /opt/tomcat/webapps/ker/WEB-INF/lib/spring-boot-starter-web-2.1.1.RELEASE.jar
7fa33339e000-7fa33339f000 r--s 00000000 b6:e36f1 790465                  /opt/tomcat/webapps/ker/WEB-INF/lib/spring-boot-starter-2.1.1.RELEASE.jar
7fa33339f000-7fa3333a0000 r--s 00000000 b6:e36f1 790466                  /opt/tomcat/webapps/ker/WEB-INF/lib/spring-boot-starter-aop-2.1.1.RELEASE.jar
7fa3333a0000-7fa3333a6000 r--s 00023000 b6:e36f1 790492                  /opt/tomcat/webapps/ker/WEB-INF/lib/javax.persistence-api-2.2.jar
7fa3333a6000-7fa3333a9000 r--s 00010000 b6:e36f1 790513                  /opt/tomcat/webapps/ker/WEB-INF/lib/hibernate-commons-annotations-5.0.4.Final.jar
7fa3333a9000-7fa3333b5000 r--s 0005e000 b6:e36f1 790502                  /opt/tomcat/webapps/ker/WEB-INF/lib/spring-security-core-5.1.2.RELEASE.jar
7fa3333b5000-7fa3333c1000 r--s 00098000 b6:e36f1 790498                  /opt/tomcat/webapps/ker/WEB-INF/lib/spring-beans-5.1.3.RELEASE.jar
7fa3333c1000-7fa3333c3000 r--s 00007000 b6:e36f1 790531                  /opt/tomcat/webapps/ker/WEB-INF/lib/jackson-datatype-jdk8-2.9.7.jar
7fa3333c3000-7fa3333cb000 r--s 0004d000 b6:e36f1 790474                  /opt/tomcat/webapps/ker/WEB-INF/lib/spring-data-jpa-2.1.3.RELEASE.jar
7fa3333cb000-7fa3333cd000 r--s 0000f000 b6:e36f1 790525                  /opt/tomcat/webapps/ker/WEB-INF/lib/classmate-1.4.0.jar
7fa3333cd000-7fa3333d0000 r--s 0002b000 b6:e36f1 790534                  /opt/tomcat/webapps/ker/WEB-INF/lib/jandex-2.0.5.Final.jar
7fa3333d0000-7fa333416000 r--s 002d2000 b6:e36f1 790491                  /opt/tomcat/webapps/ker/WEB-INF/lib/byte-buddy-1.9.5.jar
7fa333416000-7fa33343a000 r--s 00113000 b6:e36f1 790499                  /opt/tomcat/webapps/ker/WEB-INF/lib/spring-boot-autoconfigure-2.1.1.RELEASE.jar
7fa33343a000-7fa333444000 r--s 00051000 b6:e36f1 790463                  /opt/tomcat/webapps/ker/WEB-INF/lib/spring-aop-5.1.3.RELEASE.jar
7fa333444000-7fa333445000 r--s 00005000 b6:e36f1 790476                  /opt/tomcat/webapps/ker/WEB-INF/lib/spring-jcl-5.1.3.RELEASE.jar
7fa333445000-7fa333447000 r--s 0000f000 b6:e36f1 790460                  /opt/tomcat/webapps/ker/WEB-INF/lib/jboss-logging-3.3.2.Final.jar
7fa333447000-7fa333449000 r--s 00000000 b6:e36f1 790540                  /opt/tomcat/webapps/ker/WEB-INF/lib/jul-to-slf4j-1.7.25.jar
7fa333449000-7fa333452000 r--s 0005a000 b6:e36f1 790477                  /opt/tomcat/webapps/ker/WEB-INF/lib/spring-jdbc-5.1.3.RELEASE.jar
7fa333452000-7fa33346a000 r--s 00123000 b6:e36f1 790543                  /opt/tomcat/webapps/ker/WEB-INF/lib/spring-core-5.1.3.RELEASE.jar
7fa33346a000-7fa333483000 r--s 001de000 b6:e36f1 790458                  /opt/tomcat/webapps/ker/WEB-INF/lib/aspectjweaver-1.9.2.jar
7fa333483000-7fa333486000 r--s 0000e000 b6:e36f1 790529                  /opt/tomcat/webapps/ker/WEB-INF/lib/jackson-annotations-2.9.0.jar
7fa333486000-7fa333487000 r--s 00000000 b6:e36f1 790467                  /opt/tomcat/webapps/ker/WEB-INF/lib/spring-boot-starter-data-jpa-2.1.1.RELEASE.jar
7fa333487000-7fa333489000 r--s 00005000 b6:e36f1 790537                  /opt/tomcat/webapps/ker/WEB-INF/lib/javax.annotation-api-1.3.2.jar
7fa333489000-7fa333490000 r--s 00043000 b6:e36f1 790496                  /opt/tomcat/webapps/ker/WEB-INF/lib/snakeyaml-1.23.jar
7fa333490000-7fa33349b000 r--s 000b2000 b6:e36f1 790535                  /opt/tomcat/webapps/ker/WEB-INF/lib/javassist-3.23.1-GA.jar
7fa33349b000-7fa3334a1000 r--s 00041000 b6:e36f1 790494                  /opt/tomcat/webapps/ker/WEB-INF/lib/logback-classic-1.2.3.jar
7fa3334a1000-7fa3334b6000 r--s 000d5000 b6:e36f1 790464                  /opt/tomcat/webapps/ker/WEB-INF/lib/spring-boot-2.1.1.RELEASE.jar
7fa3334b6000-7fa3336b6000 rw-p 00000000 00:00 0 
7fa3336b6000-7fa3336c9000 r--s 00346000 b6:e36f1 400324                  /usr/lib/jvm/java-openjdk-amd64/jre/lib/resources.jar
7fa3336c9000-7fa3338c9000 rw-p 00000000 00:00 0 
7fa3338c9000-7fa3338cc000 ---p 00000000 00:00 0 
7fa3338cc000-7fa333bca000 rw-p 00000000 00:00 0 
7fa333bca000-7fa333bf2000 r-xp 00000000 b6:e36f1 400260                  /usr/lib/jvm/java-openjdk-amd64/jre/lib/amd64/libsunec.so
7fa333bf2000-7fa333df1000 ---p 00028000 b6:e36f1 400260                  /usr/lib/jvm/java-openjdk-amd64/jre/lib/amd64/libsunec.so
7fa333df1000-7fa333df5000 r--p 00027000 b6:e36f1 400260                  /usr/lib/jvm/java-openjdk-amd64/jre/lib/amd64/libsunec.so
7fa333df5000-7fa333df6000 rw-p 0002b000 b6:e36f1 400260                  /usr/lib/jvm/java-openjdk-amd64/jre/lib/amd64/libsunec.so
7fa333df6000-7fa333dff000 r-xp 00000000 b6:e36f1 400252                  /usr/lib/jvm/java-openjdk-amd64/jre/lib/amd64/libmanagement.so
7fa333dff000-7fa333ffe000 ---p 00009000 b6:e36f1 400252                  /usr/lib/jvm/java-openjdk-amd64/jre/lib/amd64/libmanagement.so
7fa333ffe000-7fa333fff000 r--p 00008000 b6:e36f1 400252                  /usr/lib/jvm/java-openjdk-amd64/jre/lib/amd64/libmanagement.so
7fa333fff000-7fa334000000 rw-p 00009000 b6:e36f1 400252                  /usr/lib/jvm/java-openjdk-amd64/jre/lib/amd64/libmanagement.so
7fa334000000-7fa336262000 rw-p 00000000 00:00 0 
7fa336262000-7fa338000000 ---p 00000000 00:00 0 
7fa338000000-7fa33871f000 rw-p 00000000 00:00 0 
7fa33871f000-7fa33c000000 ---p 00000000 00:00 0 
7fa33c000000-7fa33cb81000 rw-p 00000000 00:00 0 
7fa33cb81000-7fa340000000 ---p 00000000 00:00 0 
7fa340000000-7fa342d8b000 rw-p 00000000 00:00 0 
7fa342d8b000-7fa344000000 ---p 00000000 00:00 0 
7fa344000000-7fa344979000 rw-p 00000000 00:00 0 
7fa344979000-7fa348000000 ---p 00000000 00:00 0 
7fa348000000-7fa349035000 rw-p 00000000 00:00 0 
7fa349035000-7fa34c000000 ---p 00000000 00:00 0 
7fa34c000000-7fa34cc0d000 rw-p 00000000 00:00 0 
7fa34cc0d000-7fa350000000 ---p 00000000 00:00 0 
7fa350000000-7fa350005000 r--s 00068000 b6:e36f1 790512                  /opt/tomcat/webapps/ker/WEB-INF/lib/antlr-2.7.7.jar
7fa350005000-7fa35000a000 r--s 002f9000 b6:e36f1 400279                  /usr/lib/jvm/java-openjdk-amd64/jre/lib/charsets.jar
7fa35000a000-7fa35000c000 r--s 00016000 b6:e36f1 400313                  /usr/lib/jvm/java-openjdk-amd64/jre/lib/jce.jar
7fa35000c000-7fa350011000 r--s 000a7000 b6:e36f1 400315                  /usr/lib/jvm/java-openjdk-amd64/jre/lib/jsse.jar
7fa350011000-7fa350014000 ---p 00000000 00:00 0 
7fa350014000-7fa350312000 rw-p 00000000 00:00 0 
7fa350312000-7fa350314000 r--s 0000e000 b6:e36f1 399400                  /opt/tomcat/lib/catalina-ssi.jar
7fa350314000-7fa350316000 r--s 00002000 b6:e36f1 399397                  /opt/tomcat/lib/annotations-api.jar
7fa350316000-7fa35031a000 r--s 0002a000 b6:e36f1 399422                  /opt/tomcat/lib/tomcat-i18n-ko.jar
7fa35031a000-7fa35031f000 r--s 00024000 b6:e36f1 399420                  /opt/tomcat/lib/tomcat-i18n-fr.jar
7fa35031f000-7fa350325000 r--s 0004f000 b6:e36f1 399403                  /opt/tomcat/lib/catalina-tribes.jar
7fa350325000-7fa35032a000 r--s 00049000 b6:e36f1 399416                  /opt/tomcat/lib/tomcat-dbcp.jar
7fa35032a000-7fa35032d000 r--s 0000d000 b6:e36f1 399411                  /opt/tomcat/lib/jsp-api.jar
7fa35032d000-7fa350331000 r--s 00042000 b6:e36f1 399412                  /opt/tomcat/lib/servlet-api.jar
7fa350331000-7fa350334000 r--s 00011000 b6:e36f1 399401                  /opt/tomcat/lib/catalina-storeconfig.jar
7fa350334000-7fa350338000 r--s 0002c000 b6:e36f1 399429                  /opt/tomcat/lib/tomcat-util.jar
7fa350338000-7fa35033d000 r--s 00031000 b6:e36f1 399428                  /opt/tomcat/lib/tomcat-util-scan.jar
7fa35033d000-7fa350344000 r--s 00083000 b6:e36f1 399409                  /opt/tomcat/lib/jasper.jar
7fa350344000-7fa350347000 r--s 0000e000 b6:e36f1 399417                  /opt/tomcat/lib/tomcat-i18n-cs.jar
7fa350347000-7fa35034a000 r--s 0001c000 b6:e36f1 399399                  /opt/tomcat/lib/catalina-ha.jar
7fa35034a000-7fa35034c000 r--s 00014000 b6:e36f1 399406                  /opt/tomcat/lib/el-api.jar
7fa35034c000-7fa350364000 r--s 002c2000 b6:e36f1 399405                  /opt/tomcat/lib/ecj-4.15.jar
7fa350364000-7fa350366000 r--s 00007000 b6:e36f1 399427                  /opt/tomcat/lib/tomcat-jni.jar
7fa350366000-7fa35036b000 r--s 00034000 b6:e36f1 399430                  /opt/tomcat/lib/tomcat-websocket.jar
7fa35036b000-7fa35036d000 r--s 00008000 b6:e36f1 399431                  /opt/tomcat/lib/websocket-api.jar
7fa35036d000-7fa350381000 r--s 00187000 b6:e36f1 399404                  /opt/tomcat/lib/catalina.jar
7fa350381000-7fa350385000 r--s 00009000 b6:e36f1 399423                  /opt/tomcat/lib/tomcat-i18n-pt-BR.jar
7fa350385000-7fa350387000 r--s 0000c000 b6:e36f1 399398                  /opt/tomcat/lib/catalina-ant.jar
7fa350387000-7fa35038b000 r--s 0002a000 b6:e36f1 399421                  /opt/tomcat/lib/tomcat-i18n-ja.jar
7fa35038b000-7fa35038e000 r--s 00027000 b6:e36f1 399407                  /opt/tomcat/lib/jasper-el.jar
7fa35038e000-7fa350392000 r--s 00016000 b6:e36f1 399419                  /opt/tomcat/lib/tomcat-i18n-es.jar
7fa350392000-7fa350395000 r--s 00022000 b6:e36f1 399426                  /opt/tomcat/lib/tomcat-jdbc.jar
7fa350395000-7fa350399000 r--s 00026000 b6:e36f1 399425                  /opt/tomcat/lib/tomcat-i18n-zh-CN.jar
7fa350399000-7fa35039c000 r--s 00007000 b6:e36f1 399424                  /opt/tomcat/lib/tomcat-i18n-ru.jar
7fa35039c000-7fa35039f000 ---p 00000000 00:00 0 
7fa35039f000-7fa35049d000 rw-p 00000000 00:00 0 
7fa35049d000-7fa3504a0000 ---p 00000000 00:00 0 
7fa3504a0000-7fa3505cf000 rw-p 00000000 00:00 0 
7fa3505cf000-7fa3505e6000 r-xp 00000000 b6:e36f1 400254                  /usr/lib/jvm/java-openjdk-amd64/jre/lib/amd64/libnet.so
7fa3505e6000-7fa3507e5000 ---p 00017000 b6:e36f1 400254                  /usr/lib/jvm/java-openjdk-amd64/jre/lib/amd64/libnet.so
7fa3507e5000-7fa3507e6000 r--p 00016000 b6:e36f1 400254                  /usr/lib/jvm/java-openjdk-amd64/jre/lib/amd64/libnet.so
7fa3507e6000-7fa3507e7000 rw-p 00017000 b6:e36f1 400254                  /usr/lib/jvm/java-openjdk-amd64/jre/lib/amd64/libnet.so
7fa3507e7000-7fa3507f9000 r-xp 00000000 b6:e36f1 400256                  /usr/lib/jvm/java-openjdk-amd64/jre/lib/amd64/libnio.so
7fa3507f9000-7fa3509f8000 ---p 00012000 b6:e36f1 400256                  /usr/lib/jvm/java-openjdk-amd64/jre/lib/amd64/libnio.so
7fa3509f8000-7fa3509f9000 r--p 00011000 b6:e36f1 400256                  /usr/lib/jvm/java-openjdk-amd64/jre/lib/amd64/libnio.so
7fa3509f9000-7fa3509fa000 rw-p 00012000 b6:e36f1 400256                  /usr/lib/jvm/java-openjdk-amd64/jre/lib/amd64/libnio.so
7fa3509fa000-7fa3509fb000 ---p 00000000 00:00 0 
7fa3509fb000-7fa350afb000 rw-p 00000000 00:00 0 
7fa350afb000-7fa350afe000 ---p 00000000 00:00 0 
7fa350afe000-7fa350bfc000 rw-p 00000000 00:00 0 
7fa350bfc000-7fa350bfd000 ---p 00000000 00:00 0 
7fa350bfd000-7fa350c00000 ---p 00000000 00:00 0 
7fa350c00000-7fa350cfd000 rw-p 00000000 00:00 0 
7fa350cfd000-7fa350cfe000 ---p 00000000 00:00 0 
7fa350cfe000-7fa350d01000 ---p 00000000 00:00 0 
7fa350d01000-7fa350dfe000 rw-p 00000000 00:00 0 
7fa350dfe000-7fa350e01000 ---p 00000000 00:00 0 
7fa350e01000-7fa350eff000 rw-p 00000000 00:00 0 
7fa350eff000-7fa350f02000 ---p 00000000 00:00 0 
7fa350f02000-7fa351000000 rw-p 00000000 00:00 0 
7fa351000000-7fa356620000 rwxp 00000000 00:00 0 
7fa356620000-7fa360000000 ---p 00000000 00:00 0 
7fa360000000-7fa36245c000 rw-p 00000000 00:00 0 
7fa36245c000-7fa364000000 ---p 00000000 00:00 0 
7fa364000000-7fa36400c000 r--s 000d0000 b6:e36f1 399415                  /opt/tomcat/lib/tomcat-coyote.jar
7fa36400c000-7fa36400e000 r--s 00005000 b6:e36f1 399410                  /opt/tomcat/lib/jaspic-api.jar
7fa36400e000-7fa364012000 r--s 0000f000 b6:e36f1 399418                  /opt/tomcat/lib/tomcat-i18n-de.jar
7fa364012000-7fa364014000 r--s 0000b000 b6:e36f1 399393                  /opt/tomcat/bin/tomcat-juli.jar
7fa364014000-7fa364016000 r--s 00005000 b6:e36f1 399386                  /opt/tomcat/bin/commons-daemon.jar
7fa364016000-7fa364018000 r--s 00007000 b6:e36f1 399381                  /opt/tomcat/bin/bootstrap.jar
7fa364018000-7fa36401a000 r--s 00001000 b6:e36f1 400290                  /usr/lib/jvm/java-openjdk-amd64/jre/lib/ext/dnsns.jar
7fa36401a000-7fa36401d000 r--s 0000f000 b6:e36f1 400291                  /usr/lib/jvm/java-openjdk-amd64/jre/lib/ext/icedtea-sound.jar
7fa36401d000-7fa364038000 r--s 00394000 b6:e36f1 400289                  /usr/lib/jvm/java-openjdk-amd64/jre/lib/ext/cldrdata.jar
7fa364038000-7fa364053000 r--s 001d6000 b6:e36f1 400294                  /usr/lib/jvm/java-openjdk-amd64/jre/lib/ext/nashorn.jar
7fa364053000-7fa364056000 ---p 00000000 00:00 0 
7fa364056000-7fa364154000 rw-p 00000000 00:00 0 
7fa364154000-7fa364155000 ---p 00000000 00:00 0 
7fa364155000-7fa3642a3000 rw-p 00000000 00:00 0 
7fa3642a3000-7fa364475000 r--s 03ca5000 b6:e36f1 400325                  /usr/lib/jvm/java-openjdk-amd64/jre/lib/rt.jar
7fa364475000-7fa364d6e000 rw-p 00000000 00:00 0 
7fa364d6e000-7fa364ec7000 rw-p 00000000 00:00 0 
7fa364ec7000-7fa36512e000 ---p 00000000 00:00 0 
7fa36512e000-7fa365136000 r-xp 00000000 b6:e36f1 400263                  /usr/lib/jvm/java-openjdk-amd64/jre/lib/amd64/libzip.so
7fa365136000-7fa365335000 ---p 00008000 b6:e36f1 400263                  /usr/lib/jvm/java-openjdk-amd64/jre/lib/amd64/libzip.so
7fa365335000-7fa365336000 r--p 00007000 b6:e36f1 400263                  /usr/lib/jvm/java-openjdk-amd64/jre/lib/amd64/libzip.so
7fa365336000-7fa365337000 rw-p 00008000 b6:e36f1 400263                  /usr/lib/jvm/java-openjdk-amd64/jre/lib/amd64/libzip.so
7fa365337000-7fa365342000 r-xp 00000000 b6:e36f1 184                     /lib/x86_64-linux-gnu/libnss_files-2.27.so
7fa365342000-7fa365541000 ---p 0000b000 b6:e36f1 184                     /lib/x86_64-linux-gnu/libnss_files-2.27.so
7fa365541000-7fa365542000 r--p 0000a000 b6:e36f1 184                     /lib/x86_64-linux-gnu/libnss_files-2.27.so
7fa365542000-7fa365543000 rw-p 0000b000 b6:e36f1 184                     /lib/x86_64-linux-gnu/libnss_files-2.27.so
7fa365543000-7fa365549000 rw-p 00000000 00:00 0 
7fa365549000-7fa365560000 r-xp 00000000 b6:e36f1 109                     /lib/x86_64-linux-gnu/libnsl-2.27.so
7fa365560000-7fa36575f000 ---p 00017000 b6:e36f1 109                     /lib/x86_64-linux-gnu/libnsl-2.27.so
7fa36575f000-7fa365760000 r--p 00016000 b6:e36f1 109                     /lib/x86_64-linux-gnu/libnsl-2.27.so
7fa365760000-7fa365761000 rw-p 00017000 b6:e36f1 109                     /lib/x86_64-linux-gnu/libnsl-2.27.so
7fa365761000-7fa365763000 rw-p 00000000 00:00 0 
7fa365763000-7fa36576e000 r-xp 00000000 b6:e36f1 232                     /lib/x86_64-linux-gnu/libnss_nis-2.27.so
7fa36576e000-7fa36596d000 ---p 0000b000 b6:e36f1 232                     /lib/x86_64-linux-gnu/libnss_nis-2.27.so
7fa36596d000-7fa36596e000 r--p 0000a000 b6:e36f1 232                     /lib/x86_64-linux-gnu/libnss_nis-2.27.so
7fa36596e000-7fa36596f000 rw-p 0000b000 b6:e36f1 232                     /lib/x86_64-linux-gnu/libnss_nis-2.27.so
7fa36596f000-7fa365977000 r-xp 00000000 b6:e36f1 179                     /lib/x86_64-linux-gnu/libnss_compat-2.27.so
7fa365977000-7fa365b77000 ---p 00008000 b6:e36f1 179                     /lib/x86_64-linux-gnu/libnss_compat-2.27.so
7fa365b77000-7fa365b78000 r--p 00008000 b6:e36f1 179                     /lib/x86_64-linux-gnu/libnss_compat-2.27.so
7fa365b78000-7fa365b79000 rw-p 00009000 b6:e36f1 179                     /lib/x86_64-linux-gnu/libnss_compat-2.27.so
7fa365b79000-7fa365ba3000 r-xp 00000000 b6:e36f1 400243                  /usr/lib/jvm/java-openjdk-amd64/jre/lib/amd64/libjava.so
7fa365ba3000-7fa365da2000 ---p 0002a000 b6:e36f1 400243                  /usr/lib/jvm/java-openjdk-amd64/jre/lib/amd64/libjava.so
7fa365da2000-7fa365da3000 r--p 00029000 b6:e36f1 400243                  /usr/lib/jvm/java-openjdk-amd64/jre/lib/amd64/libjava.so
7fa365da3000-7fa365da5000 rw-p 0002a000 b6:e36f1 400243                  /usr/lib/jvm/java-openjdk-amd64/jre/lib/amd64/libjava.so
7fa365da5000-7fa365db5000 r-xp 00000000 b6:e36f1 400262                  /usr/lib/jvm/java-openjdk-amd64/jre/lib/amd64/libverify.so
7fa365db5000-7fa365fb4000 ---p 00010000 b6:e36f1 400262                  /usr/lib/jvm/java-openjdk-amd64/jre/lib/amd64/libverify.so
7fa365fb4000-7fa365fb6000 r--p 0000f000 b6:e36f1 400262                  /usr/lib/jvm/java-openjdk-amd64/jre/lib/amd64/libverify.so
7fa365fb6000-7fa365fb7000 rw-p 00011000 b6:e36f1 400262                  /usr/lib/jvm/java-openjdk-amd64/jre/lib/amd64/libverify.so
7fa365fb7000-7fa365fbe000 r-xp 00000000 b6:e36f1 267                     /lib/x86_64-linux-gnu/librt-2.27.so
7fa365fbe000-7fa3661bd000 ---p 00007000 b6:e36f1 267                     /lib/x86_64-linux-gnu/librt-2.27.so
7fa3661bd000-7fa3661be000 r--p 00006000 b6:e36f1 267                     /lib/x86_64-linux-gnu/librt-2.27.so
7fa3661be000-7fa3661bf000 rw-p 00007000 b6:e36f1 267                     /lib/x86_64-linux-gnu/librt-2.27.so
7fa3661bf000-7fa3661d6000 r-xp 00000000 b6:e36f1 215                     /lib/x86_64-linux-gnu/libgcc_s.so.1
7fa3661d6000-7fa3663d5000 ---p 00017000 b6:e36f1 215                     /lib/x86_64-linux-gnu/libgcc_s.so.1
7fa3663d5000-7fa3663d6000 r--p 00016000 b6:e36f1 215                     /lib/x86_64-linux-gnu/libgcc_s.so.1
7fa3663d6000-7fa3663d7000 rw-p 00017000 b6:e36f1 215                     /lib/x86_64-linux-gnu/libgcc_s.so.1
7fa3663d7000-7fa366574000 r-xp 00000000 b6:e36f1 83                      /lib/x86_64-linux-gnu/libm-2.27.so
7fa366574000-7fa366773000 ---p 0019d000 b6:e36f1 83                      /lib/x86_64-linux-gnu/libm-2.27.so
7fa366773000-7fa366774000 r--p 0019c000 b6:e36f1 83                      /lib/x86_64-linux-gnu/libm-2.27.so
7fa366774000-7fa366775000 rw-p 0019d000 b6:e36f1 83                      /lib/x86_64-linux-gnu/libm-2.27.so
7fa366775000-7fa3668ee000 r-xp 00000000 b6:e36f1 132203                  /usr/lib/x86_64-linux-gnu/libstdc++.so.6.0.25
7fa3668ee000-7fa366aee000 ---p 00179000 b6:e36f1 132203                  /usr/lib/x86_64-linux-gnu/libstdc++.so.6.0.25
7fa366aee000-7fa366af8000 r--p 00179000 b6:e36f1 132203                  /usr/lib/x86_64-linux-gnu/libstdc++.so.6.0.25
7fa366af8000-7fa366afa000 rw-p 00183000 b6:e36f1 132203                  /usr/lib/x86_64-linux-gnu/libstdc++.so.6.0.25
7fa366afa000-7fa366afe000 rw-p 00000000 00:00 0 
7fa366afe000-7fa3677a2000 r-xp 00000000 b6:e36f1 400267                  /usr/lib/jvm/java-openjdk-amd64/jre/lib/amd64/server/libjvm.so
7fa3677a2000-7fa3679a2000 ---p 00ca4000 b6:e36f1 400267                  /usr/lib/jvm/java-openjdk-amd64/jre/lib/amd64/server/libjvm.so
7fa3679a2000-7fa367a36000 r--p 00ca4000 b6:e36f1 400267                  /usr/lib/jvm/java-openjdk-amd64/jre/lib/amd64/server/libjvm.so
7fa367a36000-7fa367a5f000 rw-p 00d38000 b6:e36f1 400267                  /usr/lib/jvm/java-openjdk-amd64/jre/lib/amd64/server/libjvm.so
7fa367a5f000-7fa367a8f000 rw-p 00000000 00:00 0 
7fa367a8f000-7fa367aa9000 r-xp 00000000 b6:e36f1 235                     /lib/x86_64-linux-gnu/libpthread-2.27.so
7fa367aa9000-7fa367ca8000 ---p 0001a000 b6:e36f1 235                     /lib/x86_64-linux-gnu/libpthread-2.27.so
7fa367ca8000-7fa367ca9000 r--p 00019000 b6:e36f1 235                     /lib/x86_64-linux-gnu/libpthread-2.27.so
7fa367ca9000-7fa367caa000 rw-p 0001a000 b6:e36f1 235                     /lib/x86_64-linux-gnu/libpthread-2.27.so
7fa367caa000-7fa367cae000 rw-p 00000000 00:00 0 
7fa367cae000-7fa367cb1000 r-xp 00000000 b6:e36f1 81                      /lib/x86_64-linux-gnu/libdl-2.27.so
7fa367cb1000-7fa367eb0000 ---p 00003000 b6:e36f1 81                      /lib/x86_64-linux-gnu/libdl-2.27.so
7fa367eb0000-7fa367eb1000 r--p 00002000 b6:e36f1 81                      /lib/x86_64-linux-gnu/libdl-2.27.so
7fa367eb1000-7fa367eb2000 rw-p 00003000 b6:e36f1 81                      /lib/x86_64-linux-gnu/libdl-2.27.so
7fa367eb2000-7fa367ece000 r-xp 00000000 b6:e36f1 42                      /lib/x86_64-linux-gnu/libz.so.1.2.11
7fa367ece000-7fa3680cd000 ---p 0001c000 b6:e36f1 42                      /lib/x86_64-linux-gnu/libz.so.1.2.11
7fa3680cd000-7fa3680ce000 r--p 0001b000 b6:e36f1 42                      /lib/x86_64-linux-gnu/libz.so.1.2.11
7fa3680ce000-7fa3680cf000 rw-p 0001c000 b6:e36f1 42                      /lib/x86_64-linux-gnu/libz.so.1.2.11
7fa3680cf000-7fa3682b6000 r-xp 00000000 b6:e36f1 40                      /lib/x86_64-linux-gnu/libc-2.27.so
7fa3682b6000-7fa3684b6000 ---p 001e7000 b6:e36f1 40                      /lib/x86_64-linux-gnu/libc-2.27.so
7fa3684b6000-7fa3684ba000 r--p 001e7000 b6:e36f1 40                      /lib/x86_64-linux-gnu/libc-2.27.so
7fa3684ba000-7fa3684bc000 rw-p 001eb000 b6:e36f1 40                      /lib/x86_64-linux-gnu/libc-2.27.so
7fa3684bc000-7fa3684c0000 rw-p 00000000 00:00 0 
7fa3684c0000-7fa3684ce000 r-xp 00000000 b6:e36f1 400228                  /usr/lib/jvm/java-openjdk-amd64/jre/lib/amd64/jli/libjli.so
7fa3684ce000-7fa3686cd000 ---p 0000e000 b6:e36f1 400228                  /usr/lib/jvm/java-openjdk-amd64/jre/lib/amd64/jli/libjli.so
7fa3686cd000-7fa3686ce000 r--p 0000d000 b6:e36f1 400228                  /usr/lib/jvm/java-openjdk-amd64/jre/lib/amd64/jli/libjli.so
7fa3686ce000-7fa3686cf000 rw-p 0000e000 b6:e36f1 400228                  /usr/lib/jvm/java-openjdk-amd64/jre/lib/amd64/jli/libjli.so
7fa3686cf000-7fa3686f6000 r-xp 00000000 b6:e36f1 19                      /lib/x86_64-linux-gnu/ld-2.27.so
7fa3686f6000-7fa3686fc000 r--s 0003d000 b6:e36f1 400296                  /usr/lib/jvm/java-openjdk-amd64/jre/lib/ext/sunjce_provider.jar
7fa3686fc000-7fa368700000 r--s 0003a000 b6:e36f1 400297                  /usr/lib/jvm/java-openjdk-amd64/jre/lib/ext/sunpkcs11.jar
7fa368700000-7fa36870a000 r--s 00116000 b6:e36f1 400293                  /usr/lib/jvm/java-openjdk-amd64/jre/lib/ext/localedata.jar
7fa36870a000-7fa368760000 rw-p 00000000 00:00 0 
7fa368760000-7fa36878a000 rw-p 00000000 00:00 0 
7fa36878a000-7fa3687e0000 rw-p 00000000 00:00 0 
7fa3687e0000-7fa3687e1000 rw-p 00000000 00:00 0 
7fa3687e1000-7fa3687e9000 rw-s 00000000 b6:e36f1 661775                  /tmp/hsperfdata_root/1229
7fa3687e9000-7fa3687ea000 ---p 00000000 00:00 0 
7fa3687ea000-7fa3687ed000 ---p 00000000 00:00 0 
7fa3687ed000-7fa3688ec000 rw-p 00000000 00:00 0 
7fa3688ec000-7fa3688ed000 r--s 00002000 b6:e36f1 399414                  /opt/tomcat/lib/tomcat-api.jar
7fa3688ed000-7fa3688ee000 r--s 00010000 b6:e36f1 400298                  /usr/lib/jvm/java-openjdk-amd64/jre/lib/ext/zipfs.jar
7fa3688ee000-7fa3688ef000 r--s 0000a000 b6:e36f1 400292                  /usr/lib/jvm/java-openjdk-amd64/jre/lib/ext/jaccess.jar
7fa3688ef000-7fa3688f0000 r--s 0000d000 b6:e36f1 400295                  /usr/lib/jvm/java-openjdk-amd64/jre/lib/ext/sunec.jar
7fa3688f0000-7fa3688f2000 r--s 00007000 b6:e36f1 139394                  /usr/share/java/java-atk-wrapper.jar
7fa3688f2000-7fa3688f3000 rw-p 00000000 00:00 0 
7fa3688f3000-7fa3688f4000 r--p 00000000 00:00 0 
7fa3688f4000-7fa3688f6000 rw-p 00000000 00:00 0 
7fa3688f6000-7fa3688f7000 r--p 00027000 b6:e36f1 19                      /lib/x86_64-linux-gnu/ld-2.27.so
7fa3688f7000-7fa3688f8000 rw-p 00028000 b6:e36f1 19                      /lib/x86_64-linux-gnu/ld-2.27.so
7fa3688f8000-7fa3688f9000 rw-p 00000000 00:00 0 
7ffc3b7e5000-7ffc3b806000 rw-p 00000000 00:00 0                          [stack]
7ffc3b8bd000-7ffc3b8bf000 r-xp 00000000 00:00 0                          [vdso]
ffffffffff600000-ffffffffff601000 r-xp 00000000 00:00 0                  [vsyscall]

VM Arguments:
jvm_args: -Djava.util.logging.config.file=/opt/tomcat/conf/logging.properties -Djava.util.logging.manager=org.apache.juli.ClassLoaderLogManager -Djdk.tls.ephemeralDHKeySize=2048 -Djava.protocol.handler.pkgs=org.apache.catalina.webresources -Dorg.apache.catalina.security.SecurityListener.UMASK=0027 -Dignore.endorsed.dirs= -Dcatalina.base=/opt/tomcat -Dcatalina.home=/opt/tomcat -Djava.io.tmpdir=/opt/tomcat/temp 
java_command: org.apache.catalina.startup.Bootstrap start
java_class_path (initial): /opt/tomcat/bin/bootstrap.jar:/opt/tomcat/bin/tomcat-juli.jar
Launcher Type: SUN_STANDARD

Environment Variables:
JAVA_HOME=/usr/lib/jvm/java-openjdk-amd64
PATH=/usr/local/sbin:/usr/local/bin:/usr/sbin:/usr/bin:/sbin:/bin
SHELL=/bin/sh

Signal Handlers:
SIGSEGV: [libjvm.so+0xabd470], sa_mask[0]=11111111011111111101111111111110, sa_flags=SA_RESTART|SA_SIGINFO
SIGBUS: [libjvm.so+0xabd470], sa_mask[0]=11111111011111111101111111111110, sa_flags=SA_RESTART|SA_SIGINFO
SIGFPE: [libjvm.so+0x8f1c90], sa_mask[0]=11111111011111111101111111111110, sa_flags=SA_RESTART|SA_SIGINFO
SIGPIPE: [libjvm.so+0x8f1c90], sa_mask[0]=11111111011111111101111111111110, sa_flags=SA_RESTART|SA_SIGINFO
SIGXFSZ: [libjvm.so+0x8f1c90], sa_mask[0]=11111111011111111101111111111110, sa_flags=SA_RESTART|SA_SIGINFO
SIGILL: [libjvm.so+0x8f1c90], sa_mask[0]=11111111011111111101111111111110, sa_flags=SA_RESTART|SA_SIGINFO
SIGUSR1: SIG_DFL, sa_mask[0]=00000000000000000000000000000000, sa_flags=none
SIGUSR2: [libjvm.so+0x8f1b40], sa_mask[0]=00000000000000000000000000000000, sa_flags=SA_RESTART|SA_SIGINFO
SIGHUP: [libjvm.so+0x8f21b0], sa_mask[0]=11111111011111111101111111111110, sa_flags=SA_RESTART|SA_SIGINFO
SIGINT: SIG_IGN, sa_mask[0]=00000000000000000000000000000000, sa_flags=none
SIGTERM: [libjvm.so+0x8f21b0], sa_mask[0]=11111111011111111101111111111110, sa_flags=SA_RESTART|SA_SIGINFO
SIGQUIT: [libjvm.so+0x8f21b0], sa_mask[0]=11111111011111111101111111111110, sa_flags=SA_RESTART|SA_SIGINFO


---------------  S Y S T E M  ---------------

OS:DISTRIB_ID=Ubuntu
DISTRIB_RELEASE=18.04
DISTRIB_CODENAME=bionic
DISTRIB_DESCRIPTION="Ubuntu 18.04.1 LTS"

uname:Linux 4.15.0 #1 SMP Tue Jun 9 12:58:54 MSK 2020 x86_64
libc:glibc 2.27 NPTL 2.27 
rlimit: STACK 8192k, CORE 0k, NPROC 62987, NOFILE 4096, AS infinity
load average:0.11 0.12 0.08

/proc/meminfo:
MemTotal:        1048576 kB
MemFree:           22712 kB
MemAvailable:     129740 kB
Cached:            97908 kB
Buffers:               0 kB
Active:           492172 kB
Inactive:         506760 kB
Active(anon):     443536 kB
Inactive(anon):   457844 kB
Active(file):      48636 kB
Inactive(file):    48916 kB
Unevictable:           0 kB
Mlocked:               0 kB
SwapTotal:        262144 kB
SwapFree:         128608 kB
Dirty:               200 kB
Writeback:             0 kB
AnonPages:        901380 kB
Shmem:               336 kB
Slab:              18236 kB
SReclaimable:       9476 kB
SUnreclaim:         8760 kB

container (cgroup) information:
container_type: cgroupv1
cpu_cpuset_cpus: 0-39
cpu_memory_nodes: 0-1
active_processor_count: 1
cpu_quota: 100000
cpu_period: 100000
cpu_shares: -1
memory_limit_in_bytes: 1073741824
memory_and_swap_limit_in_bytes: 1342177280
memory_soft_limit_in_bytes: -1
memory_usage_in_bytes: 1050484736
memory_max_usage_in_bytes: 1073741824


CPU:total 1 (initial active 1) (10 cores per cpu, 2 threads per core) family 6 model 85 stepping 4, cmov, cx8, fxsr, mmx, sse, sse2, sse3, ssse3, sse4.1, sse4.2, popcnt, avx, avx2, aes, clmul, erms, rtm, 3dnowpref, lzcnt, ht, tsc, tscinvbit, bmi1, bmi2, adx

/proc/cpuinfo:
processor	: 0
vendor_id	: GenuineIntel
cpu family	: 6
model		: 85
model name	: Intel(R) Xeon(R) Silver 4114 CPU @ 2.20GHz
stepping	: 4
microcode	: 0x2006906
cpu MHz		: 2499.975
cache size	: 14080 KB
physical id	: 0
siblings	: 20
core id		: 0
cpu cores	: 10
apicid		: 0
initial apicid	: 0
fpu		: yes
fpu_exception	: yes
cpuid level	: 22
wp		: yes
flags		: fpu vme de pse tsc msr pae mce cx8 apic sep mtrr pge mca cmov pat pse36 clflush dts acpi mmx fxsr sse sse2 ss ht tm pbe syscall nx pdpe1gb rdtscp lm constant_tsc art arch_perfmon pebs bts rep_good nopl xtopology nonstop_tsc aperfmperf eagerfpu cpuid_faulting pni pclmulqdq dtes64 monitor ds_cpl vmx smx est tm2 ssse3 sdbg fma cx16 xtpr pdcm pcid dca sse4_1 sse4_2 x2apic movbe popcnt tsc_deadline_timer aes xsave avx f16c rdrand lahf_lm abm 3dnowprefetch epb cat_l3 cdp_l3 invpcid_single intel_ppin intel_pt ssbd mba ibrs ibpb stibp tpr_shadow vnmi flexpriority ept vpid fsgsbase tsc_adjust bmi1 hle avx2 smep bmi2 erms invpcid rtm cqm mpx rdt_a avx512f avx512dq rdseed adx smap clflushopt clwb avx512cd avx512bw avx512vl xsaveopt xsavec xgetbv1 cqm_llc cqm_occup_llc cqm_mbm_total cqm_mbm_local dtherm ida arat pln pts pku ospke md_clear spec_ctrl intel_stibp flush_l1d
bogomips	: 4400.00
clflush size	: 64
cache_alignment	: 64
address sizes	: 46 bits physical, 48 bits virtual
power management:



Memory: 4k page, physical 1048576k(22712k free), swap 262144k(128608k free)

vm_info: OpenJDK 64-Bit Server VM (25.252-b09) for linux-amd64 JRE (1.8.0_252-8u252-b09-1~18.04-b09), built on Apr 15 2020 18:48:05 by "buildd" with gcc 7.5.0

time: Sat Dec 19 06:01:12 2020
timezone: UTC
elapsed time: 324987 seconds (3d 18h 16m 27s)

